<?xml version="1.0" encoding="UTF-8"?>
<testsuite xmlns:xsi="http://www.w3.org/2001/XMLSchema-instance" xsi:noNamespaceSchemaLocation="https://maven.apache.org/surefire/maven-surefire-plugin/xsd/surefire-test-report-3.0.xsd" version="3.0" name="TestSuite" time="16.237" tests="1" errors="0" skipped="0" failures="0">
  <properties>
[...]
</properties>
  <testcase name="runScenario[&quot;To check Login functionality of the application&quot;, &quot;Unknown&quot;](1)" classname="TestRunner.TestRunner" time="13.53">
    <system-out><![CDATA[
Scenario: To check Login functionality of the application                                                # src/test/resources/Feature/Sample3.feature:3
Before every Scenario
Before every step in the scenario
  Given User opens the Browser                                                                           # StepDefinition.Sample1Scenario.user_opens_the_browser()
After every step in the scenario
Before every step in the scenario
  And User navigates to "https://opensource-demo.orangehrmlive.com/web/index.php/auth/login" the webpage # StepDefinition.Sample1Scenario.user_navigates_to_the_webpage(java.lang.String)
After every step in the scenario
Before every step in the scenario
2025-03-11T05:42:45.876109700Z main ERROR Log4j API could not find a logging provider.
Admin
admin123
  When User Enters Login Credentials                                                                     # StepDefinition.Sample3Scenario.user_enters_login_credentials(io.cucumber.datatable.DataTable)
    | TestData.xlsx |
After every step in the scenario
Before every step in the scenario
  And User Clicks login button                                                                           # StepDefinition.Sample2Scenario.user_clicks_login_button()
After every step in the scenario
Before every step in the scenario
  Then User checks the functionality of login                                                            # StepDefinition.Sample2Scenario.user_checks_the_functionality_of_login()
After every step in the scenario
Before every step in the scenario
  And User closes the browser                                                                            # StepDefinition.Sample1Scenario.user_closes_the_browser()
After every step in the scenario
After every Scenario
]]></system-out>
    <system-err><![CDATA[SLF4J: Failed to load class "org.slf4j.impl.StaticLoggerBinder".
SLF4J: Defaulting to no-operation (NOP) logger implementation
SLF4J: See http://www.slf4j.org/codes.html#StaticLoggerBinder for further details.
Mar 11, 2025 11:12:42 AM org.openqa.selenium.devtools.CdpVersionFinder findNearestMatch
WARNING: Unable to find an exact match for CDP version 134, returning the closest version; found: 133; Please update to a Selenium version that supports CDP version 134
]]></system-err>
  </testcase>
</testsuite>